Arguments: 
  C:\Program Files\nodejs\node.exe C:\Program Files (x86)\Yarn\bin\yarn.js add classnames

PATH: 
  C:\Python27\;C:\Python27\Scripts;C:\Program Files (x86)\Intel\iCLS Client\;C:\Program Files\Intel\iCLS Client\;C:\WINDOWS\system32;C:\WINDOWS;C:\WINDOWS\System32\Wbem;C:\WINDOWS\System32\WindowsPowerShell\v1.0\;c:\Program Files (x86)\ATI Technologies\ATI.ACE\Core-Static;C:\Program Files (x86)\Intel\Intel(R) Management Engine Components\DAL;C:\Program Files\Intel\Intel(R) Management Engine Components\DAL;C:\Program Files (x86)\Intel\Intel(R) Management Engine Components\IPT;C:\Program Files\Intel\Intel(R) Management Engine Components\IPT;C:\Program Files (x86)\Yarn\bin\;C:\Program Files\TortoiseSVN\bin;C:\Program Files\Git\cmd;C:\ProgramData\chocolatey\bin;C:\Program Files\Java\jdk1.8.0_152\\bin;C:\Program Files\Java\jdk1.8.0_152\\jre\bin;C:\Users\EDZ\AppData\Local\Android\Sdk\platform-tools;C:\Program Files\nodejs\;C:\WINDOWS\System32\OpenSSH\;C:\Users\EDZ\AppData\Local\Yarn\bin;C:\Python27;C:\Program Files\Java\jdk1.8.0_152\\bin;C:\Program Files\Java\jdk1.8.0_152\\jre\bin;C:\Users\EDZ\AppData\Roaming\npm;C:\Users\EDZ\AppData\Local\Programs\Microsoft VS Code\bin;C:\Users\EDZ\AppData\Local\BypassRuntm;%USERPROFILE%\AppData\Local\Microsoft\WindowsApps;

Yarn version: 
  1.15.2

Node version: 
  12.6.0

Platform: 
  win32 x64

Trace: 
  Error: EPERM: operation not permitted, unlink 'D:\code\my-music\node_modules\sass-loader\node_modules\.bin'

npm manifest: 
  {
    "name": "my-music",
    "version": "1.0.0",
    "private": true,
    "description": "我的网易云音乐",
    "templateInfo": {
      "name": "redux",
      "typescript": true,
      "css": "sass"
    },
    "scripts": {
      "build:weapp": "taro build --type weapp",
      "build:swan": "taro build --type swan",
      "build:alipay": "taro build --type alipay",
      "build:tt": "taro build --type tt",
      "build:h5": "taro build --type h5",
      "build:rn": "taro build --type rn",
      "dev:weapp": "npm run build:weapp -- --watch",
      "dev:swan": "npm run build:swan -- --watch",
      "dev:alipay": "npm run build:alipay -- --watch",
      "dev:tt": "npm run build:tt -- --watch",
      "dev:h5": "npm run build:h5 -- --watch",
      "dev:rn": "npm run build:rn -- --watch"
    },
    "author": "",
    "license": "MIT",
    "dependencies": {
      "@tarojs/async-await": "1.3.19",
      "@tarojs/components": "1.3.19",
      "@tarojs/redux": "1.3.19",
      "@tarojs/redux-h5": "1.3.19",
      "@tarojs/router": "1.3.19",
      "@tarojs/taro": "1.3.19",
      "@tarojs/taro-alipay": "1.3.19",
      "@tarojs/taro-h5": "1.3.19",
      "@tarojs/taro-swan": "1.3.19",
      "@tarojs/taro-tt": "1.3.19",
      "@tarojs/taro-weapp": "1.3.19",
      "nerv-devtools": "^1.4.0",
      "nervjs": "^1.4.0",
      "redux": "^4.0.0",
      "redux-logger": "^3.0.6",
      "redux-thunk": "^2.3.0",
      "taro-ui": "^2.2.2"
    },
    "devDependencies": {
      "@tarojs/plugin-babel": "1.3.19",
      "@tarojs/plugin-csso": "1.3.19",
      "@tarojs/plugin-sass": "1.3.19",
      "@tarojs/plugin-uglifyjs": "1.3.19",
      "@tarojs/webpack-runner": "1.3.19",
      "@types/react": "^16.4.8",
      "@types/webpack-env": "^1.13.6",
      "@typescript-eslint/parser": "^1.6.0",
      "babel-eslint": "^8.2.3",
      "babel-plugin-transform-class-properties": "^6.24.1",
      "babel-plugin-transform-decorators-legacy": "^1.3.4",
      "babel-plugin-transform-jsx-stylesheet": "^0.6.5",
      "babel-plugin-transform-object-rest-spread": "^6.26.0",
      "babel-preset-env": "^1.6.1",
      "eslint": "^5.16.0",
      "eslint-config-taro": "1.3.19",
      "eslint-plugin-import": "^2.12.0",
      "eslint-plugin-react": "^7.8.2",
      "eslint-plugin-react-hooks": "^1.6.1",
      "eslint-plugin-taro": "1.3.19",
      "stylelint": "9.3.0",
      "stylelint-config-taro-rn": "1.3.19",
      "stylelint-taro-rn": "1.3.19",
      "typescript": "^3.0.1"
    }
  }

yarn manifest: 
  No manifest

Lockfile: 
  No lockfile
